<?xml version="1.0" encoding="UTF-8"?>
<testsuites name="Shopping" time="94" tests="2" failures="0" errors="0">
   <testsuite name="Shopping" tests="2" failures="0" errors="0" time="94" timestamp="2018-09-14 23:26:59" hostname="ATC011$ - 192.168.56.1" id="Test Suites/Shopping">
      <properties>
         <property name="deviceName" value=""/>
         <property name="devicePlatform" value=""/>
         <property name="logFolder" value="F:\\Tech Show\\automation\\automationtechshow\\Reports\\Shopping\\20180914_232645"/>
         <property name="logFiles" value="F:\\Tech Show\\automation\\automationtechshow\\Reports\\Shopping\\20180914_232645\\execution0.log"/>
         <property name="attachments" value="F:\\Tech Show\\automation\\automationtechshow\\Reports\\Shopping\\20180914_232645\\1536947887420.png"/>
         <property name="hostName" value="ATC011$ - 192.168.56.1"/>
         <property name="os" value="Windows 8.1 64bit"/>
         <property name="katalonVersion" value="5.7.0.1"/>
         <property name="browser" value="Chrome 68.0.3440.106"/>
         <property name="hostAddress" value="192.168.56.1"/>
         <property name="sessionId" value="6b3f480c9b5555e4f37ae2e25abfb855"/>
         <property name="seleniumVersion" value="3.7.1"/>
         <property name="proxyInformation" value="ProxyInformation{proxyOption=NO_PROXY, proxyServerType=HTTP, password=, proxyServerAddress=, proxyServerPort=0}"/>
         <property name="platform" value="Windows 8.1"/>
      </properties>
      <testcase name="Test Cases/Login" classname="Test Cases/Login" status="PASSED">
         <system-out><![CDATA[2018-09-14 23:26:59 - [TEST_CASE][PASSED] - Test Cases/Login: Test Cases/Login

2018-09-14 23:27:00 - [TEST_STEP][PASSED] - openBrowser: Browser is opened with url: ''

2018-09-14 23:27:08 - [MESSAGE][PASSED] - Browser is opened with url: ''

2018-09-14 23:27:08 - [TEST_STEP][PASSED] - navigateToUrl: Navigate to 'http://automationpractice.com/index.php' successfully

2018-09-14 23:27:34 - [MESSAGE][PASSED] - Navigate to 'http://automationpractice.com/index.php' successfully

2018-09-14 23:27:34 - [TEST_STEP][PASSED] - click: Object: 'Object Repository/Page_My Store/a_Sign in (2)' is clicked on

2018-09-14 23:27:38 - [MESSAGE][PASSED] - Object: 'Object Repository/Page_My Store/a_Sign in (2)' is clicked on

2018-09-14 23:27:38 - [TEST_STEP][PASSED] - setText: Text 'atctcoe@gmail.com' is set on object 'Object Repository/Page_Login - My Store/input_Email address_email (1)'

2018-09-14 23:27:39 - [MESSAGE][PASSED] - Text 'atctcoe@gmail.com' is set on object 'Object Repository/Page_Login - My Store/input_Email address_email (1)'

2018-09-14 23:27:39 - [TEST_STEP][PASSED] - setEncryptedText: Text ****** has been set on object 'Object Repository/Page_Login - My Store/input_Password_passwd (1)'

2018-09-14 23:27:39 - [MESSAGE][PASSED] - Text ****** has been set on object 'Object Repository/Page_Login - My Store/input_Password_passwd (1)'

2018-09-14 23:27:39 - [TEST_STEP][PASSED] - click: Object: 'Object Repository/Page_Login - My Store/span_Sign in (1)' is clicked on

2018-09-14 23:27:41 - [MESSAGE][PASSED] - Object: 'Object Repository/Page_Login - My Store/span_Sign in (1)' is clicked on

2018-09-14 23:27:41 - [TEST_STEP][PASSED] - click: Object: 'Object Repository/Page_My account - My Store/span_Home' is clicked on

2018-09-14 23:27:45 - [MESSAGE][PASSED] - Object: 'Object Repository/Page_My account - My Store/span_Home' is clicked on

2018-09-14 23:27:45 - [TEST_STEP][PASSED] - click: Object: 'Object Repository/Page_My Store/span_ATC TCEOE' is clicked on

2018-09-14 23:27:46 - [MESSAGE][PASSED] - Object: 'Object Repository/Page_My Store/span_ATC TCEOE' is clicked on

2018-09-14 23:27:46 - [TEST_STEP][PASSED] - click: Object: 'Object Repository/Page_My account - My Store/a_Sign out (1)' is clicked on

2018-09-14 23:27:49 - [MESSAGE][PASSED] - Object: 'Object Repository/Page_My account - My Store/a_Sign out (1)' is clicked on

2018-09-14 23:27:49 - [TEST_STEP][PASSED] - closeBrowser: Browser is closed

2018-09-14 23:27:50 - [MESSAGE][PASSED] - Browser is closed]]></system-out>
         <system-err><![CDATA[]]></system-err>
      </testcase>
      <testcase name="Test Cases/Shopping" classname="Test Cases/Shopping" status="PASSED">
         <system-out><![CDATA[2018-09-14 23:27:50 - [TEST_CASE][PASSED] - Test Cases/Shopping: Test Cases/Shopping

2018-09-14 23:27:50 - [TEST_STEP][PASSED] - openBrowser: Browser is opened with url: ''

2018-09-14 23:27:53 - [MESSAGE][PASSED] - Browser is opened with url: ''

2018-09-14 23:27:53 - [TEST_STEP][PASSED] - navigateToUrl: Navigate to 'http://automationpractice.com/index.php' successfully

2018-09-14 23:28:04 - [MESSAGE][PASSED] - Navigate to 'http://automationpractice.com/index.php' successfully

2018-09-14 23:28:04 - [TEST_STEP][PASSED] - setText: Text 'blouse' is set on object 'Object Repository/Page_My Store/input_Call us now_search_query'

2018-09-14 23:28:04 - [MESSAGE][PASSED] - Text 'blouse' is set on object 'Object Repository/Page_My Store/input_Call us now_search_query'

2018-09-14 23:28:04 - [TEST_STEP][PASSED] - click: Object: 'Object Repository/Page_My Store/button_Search' is clicked on

2018-09-14 23:28:07 - [MESSAGE][PASSED] - Object: 'Object Repository/Page_My Store/button_Search' is clicked on

2018-09-14 23:28:07 - [TEST_STEP][PASSED] - verifyElementVisible: Object 'Object Repository/Page_Blouse - My Store/span_Add to cart' is visible

2018-09-14 23:28:07 - [MESSAGE][PASSED] - Object 'Object Repository/Page_Blouse - My Store/span_Add to cart' is visible

2018-09-14 23:28:07 - [TEST_STEP][PASSED] - click: Object: 'Object Repository/Page_Search - My Store/span_Add to cart' is clicked on

2018-09-14 23:28:07 - [MESSAGE][PASSED] - Object: 'Object Repository/Page_Search - My Store/span_Add to cart' is clicked on

2018-09-14 23:28:07 - [TEST_STEP][PASSED] - takeScreenshot: Taking screenshot successfully

2018-09-14 23:28:07 - [MESSAGE][PASSED] - Taking screenshot successfully
[[ATTACHMENT|F:\\Tech Show\\automation\\automationtechshow\\Reports\\Shopping\\20180914_232645\\1536947887420.png]]

2018-09-14 23:28:07 - [TEST_STEP][PASSED] - refresh: Refresh successfully

2018-09-14 23:28:09 - [MESSAGE][PASSED] - Refresh successfully

2018-09-14 23:28:09 - [TEST_STEP][PASSED] - navigateToUrl: Navigate to 'http://automationpractice.com/index.php?controller=order' successfully

2018-09-14 23:28:12 - [MESSAGE][PASSED] - Navigate to 'http://automationpractice.com/index.php?controller=order' successfully

2018-09-14 23:28:12 - [TEST_STEP][PASSED] - click: Object: 'Object Repository/Page_Order - My Store/span_Proceed to checkout (1)' is clicked on

2018-09-14 23:28:16 - [MESSAGE][PASSED] - Object: 'Object Repository/Page_Order - My Store/span_Proceed to checkout (1)' is clicked on

2018-09-14 23:28:16 - [TEST_STEP][PASSED] - setText: Text 'atctcoe@gmail.com' is set on object 'Object Repository/Page_Login - My Store/input_Email address_email (2)'

2018-09-14 23:28:16 - [MESSAGE][PASSED] - Text 'atctcoe@gmail.com' is set on object 'Object Repository/Page_Login - My Store/input_Email address_email (2)'

2018-09-14 23:28:16 - [TEST_STEP][PASSED] - setEncryptedText: Text ****** has been set on object 'Object Repository/Page_Login - My Store/input_Password_passwd (2)'

2018-09-14 23:28:16 - [MESSAGE][PASSED] - Text ****** has been set on object 'Object Repository/Page_Login - My Store/input_Password_passwd (2)'

2018-09-14 23:28:16 - [TEST_STEP][PASSED] - click: Object: 'Object Repository/Page_Login - My Store/span_Sign in (2)' is clicked on

2018-09-14 23:28:20 - [MESSAGE][PASSED] - Object: 'Object Repository/Page_Login - My Store/span_Sign in (2)' is clicked on

2018-09-14 23:28:20 - [TEST_STEP][PASSED] - setText: Text 'This is a gift' is set on object 'Object Repository/Page_Order - My Store/textarea_If you would like to (1)'

2018-09-14 23:28:20 - [MESSAGE][PASSED] - Text 'This is a gift' is set on object 'Object Repository/Page_Order - My Store/textarea_If you would like to (1)'

2018-09-14 23:28:20 - [TEST_STEP][PASSED] - click: Object: 'Object Repository/Page_Order - My Store/span_Proceed to checkout (1)' is clicked on

2018-09-14 23:28:22 - [MESSAGE][PASSED] - Object: 'Object Repository/Page_Order - My Store/span_Proceed to checkout (1)' is clicked on

2018-09-14 23:28:22 - [TEST_STEP][PASSED] - click: Object: 'Object Repository/Page_Order - My Store/input_2.00_cgv (1)' is clicked on

2018-09-14 23:28:22 - [MESSAGE][PASSED] - Object: 'Object Repository/Page_Order - My Store/input_2.00_cgv (1)' is clicked on

2018-09-14 23:28:22 - [TEST_STEP][PASSED] - click: Object: 'Object Repository/Page_Order - My Store/span_Proceed to checkout_1 (1)' is clicked on

2018-09-14 23:28:25 - [MESSAGE][PASSED] - Object: 'Object Repository/Page_Order - My Store/span_Proceed to checkout_1 (1)' is clicked on

2018-09-14 23:28:25 - [TEST_STEP][PASSED] - click: Object: 'Object Repository/Page_Order - My Store/a_Pay by bank wire (order proc (1)' is clicked on

2018-09-14 23:28:27 - [MESSAGE][PASSED] - Object: 'Object Repository/Page_Order - My Store/a_Pay by bank wire (order proc (1)' is clicked on

2018-09-14 23:28:27 - [TEST_STEP][PASSED] - click: Object: 'Object Repository/Page_My Store/span_I confirm my order (1)' is clicked on

2018-09-14 23:28:29 - [MESSAGE][PASSED] - Object: 'Object Repository/Page_My Store/span_I confirm my order (1)' is clicked on

2018-09-14 23:28:29 - [TEST_STEP][PASSED] - click: Object: 'Object Repository/Page_Order confirmation - My Store/a_Sign out (1)' is clicked on

2018-09-14 23:28:32 - [MESSAGE][PASSED] - Object: 'Object Repository/Page_Order confirmation - My Store/a_Sign out (1)' is clicked on

2018-09-14 23:28:32 - [TEST_STEP][PASSED] - closeBrowser: Browser is closed

2018-09-14 23:28:33 - [MESSAGE][PASSED] - Browser is closed]]></system-out>
         <system-err><![CDATA[]]></system-err>
      </testcase>
      <system-out><![CDATA[2018-09-14 23:26:59 - [TEST_SUITE][PASSED] - Shopping: Test Cases/Shopping]]></system-out>
      <system-err><![CDATA[]]></system-err>
   </testsuite>
</testsuites>
